<?xml version="1.0" encoding="UTF-8"?>
<testsuite xmlns:xsi="http://www.w3.org/2001/XMLSchema-instance" xsi:noNamespaceSchemaLocation="https://maven.apache.org/surefire/maven-surefire-plugin/xsd/surefire-test-report.xsd" version="3.0.2" name="probabilistic_program.LWTests" time="0.082" tests="6" errors="0" skipped="0" failures="0">
  <properties>
[...]
</properties>
  <testcase name="ifExpression" classname="probabilistic_program.LWTests" time="0.03"/>
  <testcase name="observe" classname="probabilistic_program.LWTests" time="0.018"/>
  <testcase name="sample" classname="probabilistic_program.LWTests" time="0.006"/>
  <testcase name="closureWithSample" classname="probabilistic_program.LWTests" time="0.002"/>
  <testcase name="letBinding" classname="probabilistic_program.LWTests" time="0.001"/>
  <testcase name="literal" classname="probabilistic_program.LWTests" time="0.001"/>
</testsuite>